2025-03-24 22:31:45,003 - INFO - Model Training & CometML Intialized....
2025-03-24 22:31:45,209 - INFO - Data Loading successfully for model training....
2025-03-24 22:31:45,282 - INFO - Successfully read YAML File
2025-03-24 22:31:46,943 - INFO - Model created Successfully
2025-03-24 22:32:25,761 - INFO - Model training completed................
2025-03-24 22:32:25,762 - WARNING - You are saving your model as an HDF5 file via `model.save()` or `keras.saving.save_model(model)`. This file format is considered legacy. We recommend using instead the native Keras format, e.g. `model.save('my_model.keras')` or `keras.saving.save_model(model, 'my_model.keras')`. 
2025-03-24 22:32:26,371 - INFO - Model saved to artifacts/model\model.h5
2025-03-24 22:32:26,381 - INFO - Extracting weights for user_embedding
2025-03-24 22:32:26,401 - INFO - Extracting weights for anime_embedding
2025-03-24 22:32:27,623 - INFO - User and Anime weights saved successfully.........
2025-03-24 22:39:10,628 - INFO - Data Processing Intialized
2025-03-24 22:39:11,681 - INFO - Data loaded successfully for data processing
2025-03-24 22:39:11,896 - INFO - Filtered Users successfully
2025-03-24 22:39:13,020 - INFO - Scaling done for processing
2025-03-24 22:39:13,171 - INFO - Encoded Done for Users and Anime
2025-03-24 22:39:13,762 - INFO - Data Splitting is done
2025-03-24 22:39:13,777 - INFO - user2user_encoded is saved in processed directory
2025-03-24 22:39:13,781 - INFO - user2user_decoded is saved in processed directory
2025-03-24 22:39:13,831 - INFO - anime2anime_encoded is saved in processed directory
2025-03-24 22:39:13,874 - INFO - anime2anime_decoded is saved in processed directory
2025-03-24 22:39:19,449 - INFO - All the data is saved..........
2025-03-24 22:39:26,041 - INFO - the data is saved..........
2025-03-24 22:39:26,046 - INFO - the data processing is successfull..........
2025-03-24 22:39:29,461 - INFO - Model Training & CometML Intialized....
2025-03-24 22:39:29,623 - INFO - Data Loading successfully for model training....
2025-03-24 22:39:29,673 - INFO - Successfully read YAML File
2025-03-24 22:39:29,871 - INFO - Model created Successfully
2025-03-24 22:40:08,686 - INFO - Model training completed................
2025-03-24 22:40:08,689 - WARNING - You are saving your model as an HDF5 file via `model.save()` or `keras.saving.save_model(model)`. This file format is considered legacy. We recommend using instead the native Keras format, e.g. `model.save('my_model.keras')` or `keras.saving.save_model(model, 'my_model.keras')`. 
2025-03-24 22:40:08,823 - INFO - Model saved to artifacts/model\model.h5
2025-03-24 22:40:08,829 - INFO - Extracting weights for user_embedding
2025-03-24 22:40:08,850 - INFO - Extracting weights for anime_embedding
2025-03-24 22:40:09,094 - INFO - User and Anime weights saved successfully.........
